#
# There is insufficient memory for the Java Runtime Environment to continue.
# Native memory allocation (malloc) failed to allocate 1054160 bytes for Chunk::new
# Possible reasons:
#   The system is out of physical RAM or swap space
#   The process is running with CompressedOops enabled, and the Java Heap may be blocking the growth of the native heap
# Possible solutions:
#   Reduce memory load on the system
#   Increase physical memory or swap space
#   Check if swap backing store is full
#   Decrease Java heap size (-Xmx/-Xms)
#   Decrease number of Java threads
#   Decrease Java thread stack sizes (-Xss)
#   Set larger code cache with -XX:ReservedCodeCacheSize=
#   JVM is running with Unscaled Compressed Oops mode in which the Java heap is
#     placed in the first 4GB address space. The Java Heap base address is the
#     maximum limit for the native heap growth. Please use -XX:HeapBaseMinAddress
#     to set the Java Heap base and to place the Java Heap above 4GB virtual address.
# This output file may be truncated or incomplete.
#
#  Out of Memory Error (allocation.cpp:389), pid=11384, tid=0x00000000000033d4
#
# JRE version: OpenJDK Runtime Environment (8.0_222-b10) (build 1.8.0_222-b10)
# Java VM: OpenJDK 64-Bit Server VM (25.222-b10 mixed mode windows-amd64 compressed oops)
# Failed to write core dump. Minidumps are not enabled by default on client versions of Windows
#

---------------  T H R E A D  ---------------

Current thread (0x00000219182f6800):  JavaThread "C2 CompilerThread0" daemon [_thread_in_native, id=13268, stack(0x0000007609d00000,0x0000007609e00000)]

Stack: [0x0000007609d00000,0x0000007609e00000]
[error occurred during error reporting (printing stack bounds), id 0xc0000005]

Native frames: (J=compiled Java code, j=interpreted, Vv=VM code, C=native code)


Current CompileTask:
C2:  27047 7527   !   4       com.sun.org.apache.xerces.internal.impl.xs.traversers.XSAttributeChecker::checkAttributes (1100 bytes)


---------------  P R O C E S S  ---------------

Java Threads: ( => current thread )
  0x000002191eaef800 JavaThread "ForkJoinPool.commonPool-worker-3" daemon [_thread_blocked, id=13364, stack(0x000000760af00000,0x000000760b000000)]
  0x000002191eaf4800 JavaThread "Log4j2-TF-4-AsyncLoggerConfig--4" daemon [_thread_blocked, id=14712, stack(0x000000760ae00000,0x000000760af00000)]
  0x000002191eaf3000 JavaThread "Thread-1" [_thread_in_native, id=6112, stack(0x000000760ad00000,0x000000760ae00000)]
  0x000002191c8ab000 JavaThread "Mule.app.deployer.monitor.1.thread.1" [_thread_blocked, id=12744, stack(0x000000760ac00000,0x000000760ad00000)]
  0x0000021919976000 JavaThread "ForkJoinPool.commonPool-worker-2" daemon [_thread_blocked, id=2328, stack(0x000000760ab00000,0x000000760ac00000)]
  0x000002191e680800 JavaThread "Log4j2-TF-3-AsyncLoggerConfig--3" daemon [_thread_blocked, id=352, stack(0x000000760aa00000,0x000000760ab00000)]
  0x0000021919bcd800 JavaThread "pool-3-thread-1" [_thread_blocked, id=13328, stack(0x000000760a900000,0x000000760aa00000)]
  0x000002191cd1c800 JavaThread "Log4j2-TF-2-AsyncLoggerConfig--2" daemon [_thread_blocked, id=4072, stack(0x000000760a800000,0x000000760a900000)]
  0x000002191c10e000 JavaThread "ForkJoinPool.commonPool-worker-1" daemon [_thread_blocked, id=10440, stack(0x000000760a700000,0x000000760a800000)]
  0x000002191ba39000 JavaThread "logger.context.reaper" [_thread_blocked, id=12492, stack(0x000000760a600000,0x000000760a700000)]
  0x000002191ba5b000 JavaThread "Log4j2-TF-1-AsyncLoggerConfig--1" daemon [_thread_blocked, id=8792, stack(0x000000760a500000,0x000000760a600000)]
  0x000002191c791000 JavaThread "Embedded" [_thread_in_native, id=7640, stack(0x000000760a400000,0x000000760a500000)]
  0x000002191997c000 JavaThread "Log4j2-TF-3-AsyncLoggerConfig--2" daemon [_thread_blocked, id=8212, stack(0x000000760a300000,0x000000760a400000)]
  0x00000219195a9000 JavaThread "Log4j2-TF-1-AsyncLoggerConfig--1" daemon [_thread_blocked, id=12800, stack(0x000000760a200000,0x000000760a300000)]
  0x0000021918382000 JavaThread "Service Thread" daemon [_thread_blocked, id=12856, stack(0x000000760a000000,0x000000760a100000)]
  0x0000021918304800 JavaThread "C1 CompilerThread2" daemon [_thread_blocked, id=12020, stack(0x0000007609f00000,0x000000760a000000)]
  0x00000219182fd800 JavaThread "C2 CompilerThread1" daemon [_thread_in_native, id=6504, stack(0x0000007609e00000,0x0000007609f00000)]
=>0x00000219182f6800 JavaThread "C2 CompilerThread0" daemon [_thread_in_native, id=13268, stack(0x0000007609d00000,0x0000007609e00000)]
  0x00000219182f2800 JavaThread "Attach Listener" daemon [_thread_blocked, id=13236, stack(0x0000007609c00000,0x0000007609d00000)]
  0x00000219182f1000 JavaThread "Signal Dispatcher" daemon [_thread_blocked, id=13048, stack(0x0000007609b00000,0x0000007609c00000)]
  0x0000021917b8d800 JavaThread "Finalizer" daemon [_thread_blocked, id=13056, stack(0x0000007609a00000,0x0000007609b00000)]
  0x00000219182c6000 JavaThread "Reference Handler" daemon [_thread_blocked, id=9344, stack(0x0000007609900000,0x0000007609a00000)]
  0x0000021901b6a800 JavaThread "main" [_thread_blocked, id=9768, stack(0x0000007609300000,0x0000007609400000)]

Other Threads:
  0x00000219182a1800 VMThread [stack: 0x0000007609800000,0x0000007609900000] [id=9340]
  0x0000021918384800 WatcherThread [stack: 0x000000760a100000,0x000000760a200000] [id=5732]

VM state:not at safepoint (normal execution)

VM Mutex/Monitor currently owned by a thread: None

heap address: 0x0000000081e00000, size: 2018 MB, Compressed Oops mode: 32-bit
Narrow klass base: 0x0000000000000000, Narrow klass shift: 3
Compressed class space size: 1073741824 Address: 0x0000000100000000

Heap:
 PSYoungGen      total 279552K, used 102183K [0x00000000d5f80000, 0x00000000e8180000, 0x0000000100000000)
  eden space 264192K, 38% used [0x00000000d5f80000,0x00000000dc349c40,0x00000000e6180000)
  from space 15360K, 0% used [0x00000000e6180000,0x00000000e6180000,0x00000000e7080000)
  to   space 13312K, 0% used [0x00000000e7080000,0x00000000e7080000,0x00000000e7d80000)
 ParOldGen       total 115712K, used 34931K [0x0000000081e00000, 0x0000000088f00000, 0x00000000d5f80000)
  object space 115712K, 30% used [0x0000000081e00000,0x000000008401cf88,0x0000000088f00000)
 Metaspace       used 56235K, capacity 61250K, committed 61400K, reserved 1101824K
  class space    used 7412K, capacity 8291K, committed 8408K, reserved 1048576K

Card table byte_map: [0x00000219128d0000,0x0000021912cd0000] byte_map_base: 0x00000219124c1000

Marking Bits: (ParMarkBitMap*) 0x000000006f0d4e90
 Begin Bits: [0x0000021912f80000, 0x0000021914f08000)
 End Bits:   [0x0000021914f08000, 0x0000021916e90000)

Polling page: 0x0000021901af0000

CodeCache: size=245760Kb used=23796Kb max_used=23920Kb free=221963Kb
 bounds [0x0000021903510000, 0x0000021904c90000, 0x0000021912510000]
 total_blobs=7185 nmethods=6625 adapters=473
 compilation: enabled

Compilation events (10 events):
Event: 27.014 Thread 0x0000021918304800 nmethod 7705 0x0000021903f92410 code [0x0000021903f92580, 0x0000021903f92938]
Event: 27.021 Thread 0x0000021918304800 7706       1       org.mule.runtime.config.internal.model.ComponentModel::getParent (5 bytes)
Event: 27.021 Thread 0x0000021918304800 nmethod 7706 0x0000021904345350 code [0x00000219043454a0, 0x00000219043455b8]
Event: 27.030 Thread 0x00000219182fd800 nmethod 7666 0x00000219046bb5d0 code [0x00000219046bb780, 0x00000219046bc968]
Event: 27.030 Thread 0x00000219182fd800 7540       4       com.sun.org.apache.xerces.internal.impl.xs.opti.ElementImpl::getParentNode (15 bytes)
Event: 27.031 Thread 0x00000219182fd800 nmethod 7540 0x0000021904369d50 code [0x0000021904369ea0, 0x0000021904369f78]
Event: 27.041 Thread 0x0000021918304800 7707       3       com.github.benmanes.caffeine.cache.Node::<init> (5 bytes)
Event: 27.041 Thread 0x0000021918304800 nmethod 7707 0x00000219036fab90 code [0x00000219036face0, 0x00000219036fae98]
Event: 27.041 Thread 0x0000021918304800 7708       3       org.apache.logging.log4j.core.config.LoggerConfig::getLevel (22 bytes)
Event: 27.042 Thread 0x0000021918304800 nmethod 7708 0x00000219036fa550 code [0x00000219036fa6c0, 0x00000219036faa70]

GC Heap History (10 events):
Event: 20.197 GC heap before
{Heap before GC invocations=12 (full 1):
 PSYoungGen      total 277504K, used 37420K [0x00000000d5f80000, 0x00000000e8180000, 0x0000000100000000)
  eden space 264192K, 9% used [0x00000000d5f80000,0x00000000d77108c8,0x00000000e6180000)
  from space 13312K, 99% used [0x00000000e7080000,0x00000000e7d7a838,0x00000000e7d80000)
  to   space 15360K, 0% used [0x00000000e6180000,0x00000000e6180000,0x00000000e7080000)
 ParOldGen       total 58368K, used 20740K [0x0000000081e00000, 0x0000000085700000, 0x00000000d5f80000)
  object space 58368K, 35% used [0x0000000081e00000,0x0000000083241078,0x0000000085700000)
 Metaspace       used 34290K, capacity 35276K, committed 35416K, reserved 1081344K
  class space    used 4131K, capacity 4355K, committed 4440K, reserved 1048576K
Event: 20.205 GC heap after
Heap after GC invocations=12 (full 1):
 PSYoungGen      total 279552K, used 1592K [0x00000000d5f80000, 0x00000000e8180000, 0x0000000100000000)
  eden space 264192K, 0% used [0x00000000d5f80000,0x00000000d5f80000,0x00000000e6180000)
  from space 15360K, 10% used [0x00000000e6180000,0x00000000e630e308,0x00000000e7080000)
  to   space 13312K, 0% used [0x00000000e7080000,0x00000000e7080000,0x00000000e7d80000)
 ParOldGen       total 58368K, used 29576K [0x0000000081e00000, 0x0000000085700000, 0x00000000d5f80000)
  object space 58368K, 50% used [0x0000000081e00000,0x0000000083ae20d8,0x0000000085700000)
 Metaspace       used 34290K, capacity 35276K, committed 35416K, reserved 1081344K
  class space    used 4131K, capacity 4355K, committed 4440K, reserved 1048576K
}
Event: 20.205 GC heap before
{Heap before GC invocations=13 (full 2):
 PSYoungGen      total 279552K, used 1592K [0x00000000d5f80000, 0x00000000e8180000, 0x0000000100000000)
  eden space 264192K, 0% used [0x00000000d5f80000,0x00000000d5f80000,0x00000000e6180000)
  from space 15360K, 10% used [0x00000000e6180000,0x00000000e630e308,0x00000000e7080000)
  to   space 13312K, 0% used [0x00000000e7080000,0x00000000e7080000,0x00000000e7d80000)
 ParOldGen       total 58368K, used 29576K [0x0000000081e00000, 0x0000000085700000, 0x00000000d5f80000)
  object space 58368K, 50% used [0x0000000081e00000,0x0000000083ae20d8,0x0000000085700000)
 Metaspace       used 34290K, capacity 35276K, committed 35416K, reserved 1081344K
  class space    used 4131K, capacity 4355K, committed 4440K, reserved 1048576K
Event: 20.268 GC heap after
Heap after GC invocations=13 (full 2):
 PSYoungGen      total 279552K, used 0K [0x00000000d5f80000, 0x00000000e8180000, 0x0000000100000000)
  eden space 264192K, 0% used [0x00000000d5f80000,0x00000000d5f80000,0x00000000e6180000)
  from space 15360K, 0% used [0x00000000e6180000,0x00000000e6180000,0x00000000e7080000)
  to   space 13312K, 0% used [0x00000000e7080000,0x00000000e7080000,0x00000000e7d80000)
 ParOldGen       total 80896K, used 19001K [0x0000000081e00000, 0x0000000086d00000, 0x00000000d5f80000)
  object space 80896K, 23% used [0x0000000081e00000,0x000000008308e788,0x0000000086d00000)
 Metaspace       used 34290K, capacity 35276K, committed 35416K, reserved 1081344K
  class space    used 4131K, capacity 4355K, committed 4440K, reserved 1048576K
}
Event: 24.326 GC heap before
{Heap before GC invocations=14 (full 2):
 PSYoungGen      total 279552K, used 264192K [0x00000000d5f80000, 0x00000000e8180000, 0x0000000100000000)
  eden space 264192K, 100% used [0x00000000d5f80000,0x00000000e6180000,0x00000000e6180000)
  from space 15360K, 0% used [0x00000000e6180000,0x00000000e6180000,0x00000000e7080000)
  to   space 13312K, 0% used [0x00000000e7080000,0x00000000e7080000,0x00000000e7d80000)
 ParOldGen       total 80896K, used 19001K [0x0000000081e00000, 0x0000000086d00000, 0x00000000d5f80000)
  object space 80896K, 23% used [0x0000000081e00000,0x000000008308e788,0x0000000086d00000)
 Metaspace       used 48760K, capacity 52452K, committed 52568K, reserved 1095680K
  class space    used 6445K, capacity 7174K, committed 7256K, reserved 1048576K
Event: 24.350 GC heap after
Heap after GC invocations=14 (full 2):
 PSYoungGen      total 277504K, used 13291K [0x00000000d5f80000, 0x00000000e8180000, 0x0000000100000000)
  eden space 264192K, 0% used [0x00000000d5f80000,0x00000000d5f80000,0x00000000e6180000)
  from space 13312K, 99% used [0x00000000e7080000,0x00000000e7d7ae80,0x00000000e7d80000)
  to   space 15360K, 0% used [0x00000000e6180000,0x00000000e6180000,0x00000000e7080000)
 ParOldGen       total 80896K, used 28306K [0x0000000081e00000, 0x0000000086d00000, 0x00000000d5f80000)
  object space 80896K, 34% used [0x0000000081e00000,0x00000000839a48f0,0x0000000086d00000)
 Metaspace       used 48760K, capacity 52452K, committed 52568K, reserved 1095680K
  class space    used 6445K, capacity 7174K, committed 7256K, reserved 1048576K
}
Event: 26.116 GC heap before
{Heap before GC invocations=15 (full 2):
 PSYoungGen      total 277504K, used 207939K [0x00000000d5f80000, 0x00000000e8180000, 0x0000000100000000)
  eden space 264192K, 73% used [0x00000000d5f80000,0x00000000e1d95fd0,0x00000000e6180000)
  from space 13312K, 99% used [0x00000000e7080000,0x00000000e7d7ae80,0x00000000e7d80000)
  to   space 15360K, 0% used [0x00000000e6180000,0x00000000e6180000,0x00000000e7080000)
 ParOldGen       total 80896K, used 28306K [0x0000000081e00000, 0x0000000086d00000, 0x00000000d5f80000)
  object space 80896K, 34% used [0x0000000081e00000,0x00000000839a48f0,0x0000000086d00000)
 Metaspace       used 54451K, capacity 58996K, committed 59028K, reserved 1099776K
  class space    used 7187K, capacity 7998K, committed 8024K, reserved 1048576K
Event: 26.137 GC heap after
Heap after GC invocations=15 (full 2):
 PSYoungGen      total 279552K, used 7682K [0x00000000d5f80000, 0x00000000e8180000, 0x0000000100000000)
  eden space 264192K, 0% used [0x00000000d5f80000,0x00000000d5f80000,0x00000000e6180000)
  from space 15360K, 50% used [0x00000000e6180000,0x00000000e6900978,0x00000000e7080000)
  to   space 13312K, 0% used [0x00000000e7080000,0x00000000e7080000,0x00000000e7d80000)
 ParOldGen       total 80896K, used 38888K [0x0000000081e00000, 0x0000000086d00000, 0x00000000d5f80000)
  object space 80896K, 48% used [0x0000000081e00000,0x00000000843fa000,0x0000000086d00000)
 Metaspace       used 54451K, capacity 58996K, committed 59028K, reserved 1099776K
  class space    used 7187K, capacity 7998K, committed 8024K, reserved 1048576K
}
Event: 26.137 GC heap before
{Heap before GC invocations=16 (full 3):
 PSYoungGen      total 279552K, used 7682K [0x00000000d5f80000, 0x00000000e8180000, 0x0000000100000000)
  eden space 264192K, 0% used [0x00000000d5f80000,0x00000000d5f80000,0x00000000e6180000)
  from space 15360K, 50% used [0x00000000e6180000,0x00000000e6900978,0x00000000e7080000)
  to   space 13312K, 0% used [0x00000000e7080000,0x00000000e7080000,0x00000000e7d80000)
 ParOldGen       total 80896K, used 38888K [0x0000000081e00000, 0x0000000086d00000, 0x00000000d5f80000)
  object space 80896K, 48% used [0x0000000081e00000,0x00000000843fa000,0x0000000086d00000)
 Metaspace       used 54451K, capacity 58996K, committed 59028K, reserved 1099776K
  class space    used 7187K, capacity 7998K, committed 8024K, reserved 1048576K
Event: 26.311 GC heap after
Heap after GC invocations=16 (full 3):
 PSYoungGen      total 279552K, used 0K [0x00000000d5f80000, 0x00000000e8180000, 0x0000000100000000)
  eden space 264192K, 0% used [0x00000000d5f80000,0x00000000d5f80000,0x00000000e6180000)
  from space 15360K, 0% used [0x00000000e6180000,0x00000000e6180000,0x00000000e7080000)
  to   space 13312K, 0% used [0x00000000e7080000,0x00000000e7080000,0x00000000e7d80000)
 ParOldGen       total 115712K, used 34931K [0x0000000081e00000, 0x0000000088f00000, 0x00000000d5f80000)
  object space 115712K, 30% used [0x0000000081e00000,0x000000008401cf88,0x0000000088f00000)
 Metaspace       used 54451K, capacity 58996K, committed 59028K, reserved 1099776K
  class space    used 7187K, capacity 7998K, committed 8024K, reserved 1048576K
}

Deoptimization events (10 events):
Event: 26.923 Thread 0x000002191c791000 Uncommon trap: reason=unstable_if action=reinterpret pc=0x0000021904abb6f0 method=com.sun.org.apache.xerces.internal.impl.XMLEntityScanner.scanContent(Lcom/sun/org/apache/xerces/internal/xni/XMLString;)I @ 418
Event: 26.970 Thread 0x000002191c791000 Uncommon trap: reason=speculate_class_check action=maybe_recompile pc=0x0000021904079808 method=com.google.common.collect.AbstractIndexedListIterator.next()Ljava/lang/Object; @ 27
Event: 26.971 Thread 0x000002191c791000 Uncommon trap: reason=speculate_class_check action=maybe_recompile pc=0x0000021904079808 method=com.google.common.collect.AbstractIndexedListIterator.next()Ljava/lang/Object; @ 27
Event: 26.971 Thread 0x000002191c791000 Uncommon trap: reason=speculate_class_check action=maybe_recompile pc=0x0000021904079808 method=com.google.common.collect.AbstractIndexedListIterator.next()Ljava/lang/Object; @ 27
Event: 26.971 Thread 0x000002191c791000 Uncommon trap: reason=speculate_class_check action=maybe_recompile pc=0x0000021904079808 method=com.google.common.collect.AbstractIndexedListIterator.next()Ljava/lang/Object; @ 27
Event: 26.991 Thread 0x000002191c791000 Uncommon trap: reason=class_check action=maybe_recompile pc=0x000002190490a8ec method=java.util.regex.Pattern$SliceI.match(Ljava/util/regex/Matcher;ILjava/lang/CharSequence;)Z @ 92
Event: 27.004 Thread 0x000002191c791000 Uncommon trap: reason=bimorphic action=maybe_recompile pc=0x000002190437c574 method=java.util.Spliterators$ArraySpliterator.tryAdvance(Ljava/util/function/Consumer;)Z @ 49
Event: 27.005 Thread 0x000002191c791000 Uncommon trap: reason=bimorphic action=maybe_recompile pc=0x000002190437c574 method=java.util.Spliterators$ArraySpliterator.tryAdvance(Ljava/util/function/Consumer;)Z @ 49
Event: 27.005 Thread 0x000002191c791000 Uncommon trap: reason=bimorphic action=maybe_recompile pc=0x000002190437c574 method=java.util.Spliterators$ArraySpliterator.tryAdvance(Ljava/util/function/Consumer;)Z @ 49
Event: 27.009 Thread 0x000002191c791000 Uncommon trap: reason=bimorphic action=maybe_recompile pc=0x000002190437c574 method=java.util.Spliterators$ArraySpliterator.tryAdvance(Ljava/util/function/Consumer;)Z @ 49

Classes redefined (0 events):
No events

Internal exceptions (10 events):
Event: 24.904 Thread 0x000002191c791000 Exception <a 'java/lang/ClassNotFoundException': org/mule/modules/cors/api/configuration/origin/OriginBeanInfo> (0x00000000d8f8ff48) thrown at [C:\cygwin64\tmp\openjdk-jdk8u-windows-x64-hotspot\workspace\build\src\hotspot\src\share\vm\classfile\systemDict
Event: 24.904 Thread 0x000002191c791000 Exception <a 'java/lang/ClassNotFoundException': org/mule/modules/cors/api/configuration/origin/OriginCustomizer> (0x00000000d8f9eb08) thrown at [C:\cygwin64\tmp\openjdk-jdk8u-windows-x64-hotspot\workspace\build\src\hotspot\src\share\vm\classfile\systemDi
Event: 24.906 Thread 0x000002191c791000 Exception <a 'java/lang/ClassNotFoundException': java/security/cert/CertificateBeanInfo> (0x00000000d8fe7240) thrown at [C:\cygwin64\tmp\openjdk-jdk8u-windows-x64-hotspot\workspace\build\src\hotspot\src\share\vm\classfile\systemDictionary.cpp, line 210]
Event: 24.907 Thread 0x000002191c791000 Exception <a 'java/lang/ClassNotFoundException': java/security/cert/CertificateCustomizer> (0x00000000d9000720) thrown at [C:\cygwin64\tmp\openjdk-jdk8u-windows-x64-hotspot\workspace\build\src\hotspot\src\share\vm\classfile\systemDictionary.cpp, line 210]
Event: 24.909 Thread 0x000002191c791000 Exception <a 'java/lang/ClassNotFoundException': java/security/cert/CertificateBeanInfo> (0x00000000d902c8f8) thrown at [C:\cygwin64\tmp\openjdk-jdk8u-windows-x64-hotspot\workspace\build\src\hotspot\src\share\vm\classfile\systemDictionary.cpp, line 210]
Event: 24.909 Thread 0x000002191c791000 Exception <a 'java/lang/ClassNotFoundException': java/security/cert/CertificateCustomizer> (0x00000000d9045dd8) thrown at [C:\cygwin64\tmp\openjdk-jdk8u-windows-x64-hotspot\workspace\build\src\hotspot\src\share\vm\classfile\systemDictionary.cpp, line 210]
Event: 26.097 Thread 0x000002191c791000 Exception <a 'java/lang/ClassNotFoundException': com/sun/org/glassfish/hk2/osgiresourcelocator/ServiceLoader> (0x00000000e19b3910) thrown at [C:\cygwin64\tmp\openjdk-jdk8u-windows-x64-hotspot\workspace\build\src\hotspot\src\share\vm\classfile\systemDictio
Event: 26.390 Thread 0x000002191c791000 Implicit null exception at 0x0000021903b5d454 to 0x0000021903b5d681
Event: 26.542 Thread 0x000002191c791000 Exception <a 'java/lang/ClassNotFoundException': com/sun/org/glassfish/hk2/osgiresourcelocator/ServiceLoader> (0x00000000d7dd09c8) thrown at [C:\cygwin64\tmp\openjdk-jdk8u-windows-x64-hotspot\workspace\build\src\hotspot\src\share\vm\classfile\systemDictio
Event: 26.845 Thread 0x000002191c791000 Exception <a 'java/lang/ClassNotFoundException': com/sun/org/glassfish/hk2/osgiresourcelocator/ServiceLoader> (0x00000000db31de08) thrown at [C:\cygwin64\tmp\openjdk-jdk8u-windows-x64-hotspot\workspace\build\src\hotspot\src\share\vm\classfile\systemDictio

Events (10 events):
Event: 27.032 loading class org/mule/runtime/api/config/custom/CustomizationService
Event: 27.032 loading class org/mule/runtime/api/config/custom/CustomizationService done
Event: 27.032 loading class org/mule/runtime/api/service/Service
Event: 27.032 loading class org/mule/runtime/api/service/Service done
Event: 27.032 loading class org/mule/runtime/api/config/custom/CustomizationService
Event: 27.032 loading class org/mule/runtime/api/config/custom/CustomizationService done
Event: 27.042 loading class org/mule/runtime/deployment/model/api/DeployableArtifact
Event: 27.042 loading class org/mule/runtime/deployment/model/api/DeployableArtifact done
Event: 27.042 loading class org/mule/runtime/module/deployment/impl/internal/artifact/ConnectionManagerConfigurationBuilder
Event: 27.042 loading class org/mule/runtime/module/deployment/impl/internal/artifact/ConnectionManagerConfigurationBuilder done


Dynamic libraries:
0x00007ff7b5170000 - 0x00007ff7b51aa000 	C:\Program Files\AdoptOpenJDK\jdk-8.0.222.10-hotspot\bin\javaw.exe
0x00007ff951960000 - 0x00007ff951b4d000 	C:\WINDOWS\SYSTEM32\ntdll.dll
0x00007ff951330000 - 0x00007ff9513e3000 	C:\WINDOWS\System32\KERNEL32.DLL
0x00007ff94e540000 - 0x00007ff94e7d5000 	C:\WINDOWS\System32\KERNELBASE.dll
0x00007ff94f070000 - 0x00007ff94f113000 	C:\WINDOWS\System32\ADVAPI32.dll
0x00007ff951870000 - 0x00007ff95190e000 	C:\WINDOWS\System32\msvcrt.dll
0x00007ff94ecd0000 - 0x00007ff94ed6e000 	C:\WINDOWS\System32\sechost.dll
0x00007ff94f810000 - 0x00007ff94f932000 	C:\WINDOWS\System32\RPCRT4.dll
0x00007ff94f400000 - 0x00007ff94f597000 	C:\WINDOWS\System32\USER32.dll
0x00007ff94e7e0000 - 0x00007ff94e800000 	C:\WINDOWS\System32\win32u.dll
0x00007ff94ede0000 - 0x00007ff94ee09000 	C:\WINDOWS\System32\GDI32.dll
0x00007ff94e250000 - 0x00007ff94e3e9000 	C:\WINDOWS\System32\gdi32full.dll
0x00007ff94ea60000 - 0x00007ff94eb00000 	C:\WINDOWS\System32\msvcp_win.dll
0x00007ff94e440000 - 0x00007ff94e53a000 	C:\WINDOWS\System32\ucrtbase.dll
0x00007ff936280000 - 0x00007ff9364f9000 	C:\WINDOWS\WinSxS\amd64_microsoft.windows.common-controls_6595b64144ccf1df_6.0.17763.1217_none_de6e4304534e0ad3\COMCTL32.dll
0x00007ff951000000 - 0x00007ff95132c000 	C:\WINDOWS\System32\combase.dll
0x00007ff94e800000 - 0x00007ff94e87e000 	C:\WINDOWS\System32\bcryptPrimitives.dll
0x00007ff94f1a0000 - 0x00007ff94f1ce000 	C:\WINDOWS\System32\IMM32.DLL
0x00007ff930cf0000 - 0x00007ff930ddf000 	C:\Program Files\AdoptOpenJDK\jdk-8.0.222.10-hotspot\jre\bin\msvcr120.dll
0x00007ff917db0000 - 0x00007ff917e56000 	C:\Program Files\AdoptOpenJDK\jdk-8.0.222.10-hotspot\jre\bin\msvcp120.dll
0x000000006e950000 - 0x000000006f14e000 	C:\Program Files\AdoptOpenJDK\jdk-8.0.222.10-hotspot\jre\bin\server\jvm.dll
0x00007ff94ecc0000 - 0x00007ff94ecc8000 	C:\WINDOWS\System32\PSAPI.DLL
0x00007ff933ad0000 - 0x00007ff933ad9000 	C:\WINDOWS\SYSTEM32\WSOCK32.dll
0x00007ff94a580000 - 0x00007ff94a5a4000 	C:\WINDOWS\SYSTEM32\WINMM.dll
0x00007ff94f5a0000 - 0x00007ff94f60d000 	C:\WINDOWS\System32\WS2_32.dll
0x00007ff9410f0000 - 0x00007ff9410fa000 	C:\WINDOWS\SYSTEM32\VERSION.dll
0x00007ff94a4d0000 - 0x00007ff94a4fd000 	C:\WINDOWS\SYSTEM32\WINMMBASE.dll
0x00007ff94e3f0000 - 0x00007ff94e43a000 	C:\WINDOWS\System32\cfgmgr32.dll
0x00007ff949d80000 - 0x00007ff949d8f000 	C:\Program Files\AdoptOpenJDK\jdk-8.0.222.10-hotspot\jre\bin\verify.dll
0x00007ff9489e0000 - 0x00007ff948a08000 	C:\Program Files\AdoptOpenJDK\jdk-8.0.222.10-hotspot\jre\bin\java.dll
0x00007ff9489c0000 - 0x00007ff9489d6000 	C:\Program Files\AdoptOpenJDK\jdk-8.0.222.10-hotspot\jre\bin\zip.dll
0x00007ff94fb00000 - 0x00007ff950ff4000 	C:\WINDOWS\System32\SHELL32.dll
0x00007ff94efc0000 - 0x00007ff94f068000 	C:\WINDOWS\System32\shcore.dll
0x00007ff94db00000 - 0x00007ff94e24e000 	C:\WINDOWS\System32\windows.storage.dll
0x00007ff94dad0000 - 0x00007ff94daf4000 	C:\WINDOWS\System32\profapi.dll
0x00007ff94da50000 - 0x00007ff94daad000 	C:\WINDOWS\System32\powrprof.dll
0x00007ff94faa0000 - 0x00007ff94faf2000 	C:\WINDOWS\System32\shlwapi.dll
0x00007ff94da30000 - 0x00007ff94da41000 	C:\WINDOWS\System32\kernel.appcore.dll
0x00007ff94eb00000 - 0x00007ff94eb17000 	C:\WINDOWS\System32\cryptsp.dll
0x00007ff949d70000 - 0x00007ff949d7d000 	C:\Program Files\AdoptOpenJDK\jdk-8.0.222.10-hotspot\jre\bin\management.dll
0x00007ff932ce0000 - 0x00007ff932cfa000 	C:\Program Files\AdoptOpenJDK\jdk-8.0.222.10-hotspot\jre\bin\net.dll
0x00007ff942d90000 - 0x00007ff942f67000 	C:\WINDOWS\SYSTEM32\urlmon.dll
0x00007ff942220000 - 0x00007ff9424c8000 	C:\WINDOWS\SYSTEM32\iertutil.dll
0x00007ff94d470000 - 0x00007ff94d47c000 	C:\WINDOWS\SYSTEM32\CRYPTBASE.DLL
0x00007ff94d2a0000 - 0x00007ff94d307000 	C:\WINDOWS\system32\mswsock.dll
0x00007ff933b20000 - 0x00007ff933b36000 	C:\WINDOWS\system32\napinsp.dll
0x00007ff933b00000 - 0x00007ff933b1a000 	C:\WINDOWS\system32\pnrpnsp.dll
0x00007ff94d000000 - 0x00007ff94d0c7000 	C:\WINDOWS\SYSTEM32\DNSAPI.dll
0x00007ff94edd0000 - 0x00007ff94edd8000 	C:\WINDOWS\System32\NSI.dll
0x00007ff94cfc0000 - 0x00007ff94cffd000 	C:\WINDOWS\SYSTEM32\IPHLPAPI.DLL
0x00007ff933af0000 - 0x00007ff933afe000 	C:\WINDOWS\System32\winrnr.dll
0x00007ff94a750000 - 0x00007ff94a76b000 	C:\WINDOWS\system32\NLAapi.dll
0x00007ff933200000 - 0x00007ff933215000 	C:\WINDOWS\system32\wshbth.dll
0x00007ff942210000 - 0x00007ff94221a000 	C:\Windows\System32\rasadhlp.dll
0x00007ff9429b0000 - 0x00007ff942a29000 	C:\WINDOWS\System32\fwpuclnt.dll
0x00007ff94eb80000 - 0x00007ff94eba6000 	C:\WINDOWS\System32\bcrypt.dll
0x00007ff932cc0000 - 0x00007ff932cd2000 	C:\Program Files\AdoptOpenJDK\jdk-8.0.222.10-hotspot\jre\bin\nio.dll
0x00007ff94ce20000 - 0x00007ff94ce53000 	C:\WINDOWS\system32\rsaenh.dll
0x00007ff94d960000 - 0x00007ff94d988000 	C:\WINDOWS\SYSTEM32\USERENV.dll
0x00007ff942940000 - 0x00007ff942956000 	C:\WINDOWS\SYSTEM32\dhcpcsvc6.DLL
0x00007ff942920000 - 0x00007ff94293c000 	C:\WINDOWS\SYSTEM32\dhcpcsvc.DLL

VM Arguments:
jvm_args: -Djava.library.path= -Dlog4j.skipJansi=true -Djava.io.tmpdir=C:\Users\AMMATI~1\AppData\Local\Temp\ -Dorg.glassfish.grizzly.DEFAULT_MEMORY_MANAGER=org.glassfish.grizzly.memory.HeapMemoryManager -Dmule.testingMode -Dmunit.server.port=43877 -Dlog4j.configurationFile=C:\Users\Ammati Mouli\AppData\Local\Temp\munit-temp-dir\munittarget4273543652828872730\test-classes\log4j2-test.xml -Dfile.encoding=UTF-8 
java_command: org.mule.munit.remote.RemoteRunner -run_configuration C:\Users\Ammati Mouli\AppData\Local\Temp\munit-temp-dir\munitworkingdir572494523466091419\run-configuration.json
java_class_path (initial): C:\Users\Ammati Mouli\Downloads\AnypointStudio-new-7.1\AnypointStudio\plugins\org.mule.tooling.ui.contribution.munit_2.4.0.201910111826\lib\munit-remote-jar-with-dependencies.jar;C:\Users\Ammati Mouli\AppData\Local\Temp\munit-temp-dir\munittarget4273543652828872730\test-classes\log4j2-test.xml
Launcher Type: SUN_STANDARD

Environment Variables:
JAVA_HOME=C:\Program Files\Java\jdk1.8.0_144
CLASSPATH=C:\Program Files\Java\jdk1.8.0_144\bin;
PATH=C:/Program Files/AdoptOpenJDK/jdk-8.0.222.10-hotspot/bin/../jre/bin/server;C:/Program Files/AdoptOpenJDK/jdk-8.0.222.10-hotspot/bin/../jre/bin;C:/Program Files/AdoptOpenJDK/jdk-8.0.222.10-hotspot/bin/../jre/lib/amd64;E:\oracle_db\bin;E:\oracle_db1\bin;C:\Program Files\AdoptOpenJDK\jdk-8.0.222.10-hotspot\bin;C:\Program Files (x86)\Common Files\Oracle\Java\javapath;C:\ProgramData\Oracle\Java\javapath;C:\WINDOWS\system32;C:\WINDOWS;C:\WINDOWS\System32\Wbem;"C:\WINDOWS\System32\WindowsPowerShell\v1.0\;E:\mulesoft softwares\apache-maven-3.6.0\bin";E:\mulesoft softwares\apache-maven-3.6.0\bin;C:\Program Files\MongoDB\Server\4.0\bin;C:\Program Files\Java\jre1.8.0_144\bin;C:\Program Files\Java\jdk1.8.0_144\bin;C:\zookeeper-3.4.14\bin;E:\mulesoft softwares\apache-maven-3.6.0\bin;C:\Program Files\Microsoft VS Code\bin;C:\Program Files\Java\jdk1.8.0_144\bin;C:\Users\Ammati Mouli\AppData\Local\Microsoft\WindowsApps;C:\Program Files\Java\jdk1.8.0_144\bin;C:\Program Files\Java\jre1.8.0_144\bin;;C:\Users\Ammati Mouli\Downloads\AnypointStudio-new-7.1\AnypointStudio;
USERNAME=ammati mouli
OS=Windows_NT
PROCESSOR_IDENTIFIER=Intel64 Family 6 Model 142 Stepping 9, GenuineIntel



---------------  S Y S T E M  ---------------

OS: Windows 10.0 , 64 bit Build 17763 (10.0.17763.1158)

CPU:total 4 (initial active 4) (2 cores per cpu, 2 threads per core) family 6 model 142 stepping 9, cmov, cx8, fxsr, mmx, sse, sse2, sse3, ssse3, sse4.1, sse4.2, popcnt, avx, avx2, aes, clmul, erms, 3dnowpref, lzcnt, ht, tsc, tscinvbit, bmi1, bmi2, adx

Memory: 4k page, physical 8258212k(937268k free), swap 9795856k(5132k free)

vm_info: OpenJDK 64-Bit Server VM (25.222-b10) for windows-amd64 JRE (1.8.0_222-b10), built on Jul 17 2019 08:11:33 by "jenkins" with MS VC++ 12.0 (VS2013)

time: Fri May 22 14:37:50 2020
timezone: India Standard Time
elapsed time: 27 seconds (0d 0h 0m 27s)

